0 info it worked if it ends with ok
1 verbose cli [ '/home/manisa/.nvm/versions/node/v5.0.0/bin/node',
1 verbose cli   '/home/manisa/.nvm/versions/node/v5.0.0/bin/npm',
1 verbose cli   'start' ]
2 info using npm@3.3.6
3 info using node@v5.0.0
4 verbose run-script [ 'prestart', 'start', 'poststart' ]
5 info lifecycle question-bank@1.0.0~prestart: question-bank@1.0.0
6 silly lifecycle question-bank@1.0.0~prestart: no script for prestart, continuing
7 info lifecycle question-bank@1.0.0~start: question-bank@1.0.0
8 verbose lifecycle question-bank@1.0.0~start: unsafe-perm in lifecycle true
9 verbose lifecycle question-bank@1.0.0~start: PATH: /home/manisa/.nvm/versions/node/v5.0.0/lib/node_modules/npm/bin/node-gyp-bin:/home/manisa/agile-6363/node_modules/.bin:/home/manisa/.nvm/versions/node/v5.0.0/bin:/usr/local/sbin:/usr/local/bin:/usr/sbin:/usr/bin:/sbin:/bin:/usr/games:/usr/local/games:/usr/lib/jvm/java-8-oracle/bin:/usr/lib/jvm/java-8-oracle/db/bin:/usr/lib/jvm/java-8-oracle/jre/bin
10 verbose lifecycle question-bank@1.0.0~start: CWD: /home/manisa/agile-6363
11 silly lifecycle question-bank@1.0.0~start: Args: [ '-c', 'electron .' ]
12 silly lifecycle question-bank@1.0.0~start: Returned: code: 7  signal: null
13 info lifecycle question-bank@1.0.0~start: Failed to exec start script
14 verbose stack Error: question-bank@1.0.0 start: `electron .`
14 verbose stack Exit status 7
14 verbose stack     at EventEmitter.<anonymous> (/home/manisa/.nvm/versions/node/v5.0.0/lib/node_modules/npm/lib/utils/lifecycle.js:233:16)
14 verbose stack     at emitTwo (events.js:87:13)
14 verbose stack     at EventEmitter.emit (events.js:172:7)
14 verbose stack     at ChildProcess.<anonymous> (/home/manisa/.nvm/versions/node/v5.0.0/lib/node_modules/npm/lib/utils/spawn.js:24:14)
14 verbose stack     at emitTwo (events.js:87:13)
14 verbose stack     at ChildProcess.emit (events.js:172:7)
14 verbose stack     at maybeClose (internal/child_process.js:818:16)
14 verbose stack     at Process.ChildProcess._handle.onexit (internal/child_process.js:211:5)
15 verbose pkgid question-bank@1.0.0
16 verbose cwd /home/manisa/agile-6363
17 error Linux 3.13.0-135-generic
18 error argv "/home/manisa/.nvm/versions/node/v5.0.0/bin/node" "/home/manisa/.nvm/versions/node/v5.0.0/bin/npm" "start"
19 error node v5.0.0
20 error npm  v3.3.6
21 error code ELIFECYCLE
22 error question-bank@1.0.0 start: `electron .`
22 error Exit status 7
23 error Failed at the question-bank@1.0.0 start script 'electron .'.
23 error This is most likely a problem with the question-bank package,
23 error not with npm itself.
23 error Tell the author that this fails on your system:
23 error     electron .
23 error You can get their info via:
23 error     npm owner ls question-bank
23 error There is likely additional logging output above.
24 verbose exit [ 1, true ]
